ca65 V2.17 - Git 59ab140
Main file   : ..\src\bootsec.a65
Current file: ..\src\bootsec.a65

000000r 1               ;
000000r 1               ; BOOT-LOADER for DOS.SYS (FAT16.COM + DUP.COM)
000000r 1               ;
000000r 1               ; START AT $A912
000000r 1               ;
000000r 1               ; Program writes bootloader from $A800 into 3 bootsectors of disk D2:
000000r 1               ;
000000r 1               ; Bootloader identifies DOS.SYS in the directory and reads it as a normal COM file
000000r 1               ; DosInit points to $0D00
000000r 1               ;
000000r 1               PTR1	= 2
000000r 1               PTR2	= 4
000000r 1               ;
000000r 1               SECCNT0	= $C4
000000r 1               DIRCNT	= $C5
000000r 1               ;
000000r 1               COPEN	= 3
000000r 1               CCLOSE	= 12
000000r 1               CBPUT	= 11
000000r 1               ICCOM	= $342
000000r 1               ICADRL	= $344
000000r 1               ICADRH	= $345
000000r 1               ICLENL	= $348
000000r 1               ICLENH	= $349
000000r 1               ICAUX1	= $34A
000000r 1               ICAUX2	= $34B
000000r 1               ;
000000r 1               CIOV	= $E456
000000r 1               ;
000000r 1               COLBAK	= $D01A
000000r 1               WSYNC	= $D40A
000000r 1               VCOUNT	= $D40B
000000r 1               
000000r 1               ;
000000r 1               ; PAGE 3
000000r 1               ;
000000r 1               DDEVIC   = $0300
000000r 1               DUNIT    = $0301
000000r 1               DCOMND   = $0302
000000r 1               DSTATS   = $0303
000000r 1               DBUFLO   = $0304
000000r 1               DBUFHI   = $0305
000000r 1               DTIMLO   = $0306
000000r 1               DUNUSE   = $0307
000000r 1               DBYTLO   = $0308
000000r 1               DBYTHI   = $0309
000000r 1               DAUX1    = $030A
000000r 1               DAUX2    = $030B
000000r 1               
000000r 1               PTR	= $0
000000r 1               SAVMSC	= $58
000000r 1               
000000r 1               SIOV	= $E459
000000r 1               DSKINV	= $E453
000000r 1               
000000r 1               EOUTCH	= $F2B0
000000r 1               
000000r 1               PORTB	= $D301
000000r 1               NMIEN	= $D40E
000000r 1               
000000r 1               DIRSEC	= $169		; until $170
000000r 1               BUFFER	= $0480
000000r 1               SECLEN	= BUFFER+127
000000r 1               
000000r 1               DOSINIT	= $D00
000000r 1               ;
000000r 1               ;
000000r 1               ;
000000r 1               ;		ORG $AA00
000000r 1               ;
000000r 1               ;LOOP1		LDA VCOUNT
000000r 1               ;		STA WSYNC
000000r 1               ;		STA COLBAK
000000r 1               ;		JMP LOOP1
000000r 1               ;
000000r 1               
000000r 1               
000000r 1               ;
000000r 1               		.ORG $700
000700  1               ;		ORG $A800
000700  1               ;		JMP LOADER
000700  1               ;
000700  1  00           BOOTTAB:	.byte 0
000701  1  03           SECCNT:		.byte 3
000702  1  00 07        LADDR:		.word $0700	;LOAD ADDR
000704  1  00 0D        		.word DOSINIT
000706  1               
000706  1  A9 08        LOADER:		LDA #8
000708  1  85 C4        		STA SECCNT0
00070A  1               
00070A  1  A9 69        		LDA #<DIRSEC
00070C  1  8D 0A 03     		STA DAUX1
00070F  1  A9 01        		LDA #>DIRSEC
000711  1  8D 0B 03     		STA DAUX2
000714  1               
000714  1  20 5D 07     FDIR5:		JSR GETSEC
000717  1               
000717  1  A2 00        		LDX #0
000719  1  BD 80 04     FDIR3:		LDA BUFFER,X
00071C  1  F0 3E        		BEQ ERROR
00071E  1  C9 42        		CMP #$42
000720  1  D0 28        		BNE FDIR1
000722  1               
000722  1  BD 81 04     		LDA BUFFER+1,X
000725  1  85 04        		STA PTR2
000727  1  BD 82 04     		LDA BUFFER+2,X
00072A  1  85 05        		STA PTR2+1
00072C  1  BD 83 04     		LDA BUFFER+3,X
00072F  1  8D 0A 03     		STA DAUX1
000732  1  BD 84 04     		LDA BUFFER+4,X
000735  1  8D 0B 03     		STA DAUX2
000738  1               
000738  1  A0 00        		LDY #0
00073A  1  B9 07 08     FDIR6:		LDA FNAME,Y
00073D  1  DD 85 04     		CMP BUFFER+5,X
000740  1  D0 08        		BNE FDIR1
000742  1  E8           		INX
000743  1  C8           		INY
000744  1  C0 0A        		CPY #10
000746  1  D0 F2        		BNE FDIR6
000748  1  F0 2D        		BEQ READFIL
00074A  1               
00074A  1  8A           FDIR1:		TXA
00074B  1  18           		CLC
00074C  1  29 F0        		AND #$F0
00074E  1  69 10        		ADC #16
000750  1  AA           		TAX
000751  1  10 C6        		BPL FDIR3
000753  1               
000753  1  C6 C4        FDIR2:		DEC SECCNT0
000755  1  F0 05        		BEQ ERROR
000757  1  EE 0A 03     		INC DAUX1
00075A  1  D0 B8        		BNE FDIR5
00075C  1               
00075C  1  00           ERROR:		BRK
00075D  1               ;
00075D  1  A9 52        GETSEC:		LDA #'R'
00075F  1  8D 02 03     		STA DCOMND
000762  1  A9 01        		LDA #1
000764  1  8D 01 03     		STA DUNIT
000767  1  A9 80        		LDA #<BUFFER
000769  1  8D 04 03     		STA DBUFLO
00076C  1  A9 04        		LDA #>BUFFER
00076E  1  8D 05 03     		STA DBUFHI
000771  1               
000771  1  20 53 E4     		JSR DSKINV
000774  1  30 E6        		BMI ERROR
000776  1  60           		RTS
000777  1               ;
000777  1               ;
000777  1               ;
000777  1  A9 80        READFIL:	LDA #<BUFFER
000779  1  85 00        		STA PTR
00077B  1  A9 04        		LDA #>BUFFER
00077D  1  85 01        		STA PTR+1
00077F  1               
00077F  1  20 F6 07     		JSR INCY1
000782  1               
000782  1  CC FF 04     READCHU:	CPY SECLEN
000785  1  D0 0D        		BNE READCHU1
000787  1  A5 04        		LDA PTR2
000789  1  05 05        		ORA PTR2+1
00078B  1  D0 02        		BNE READCHU2
00078D  1  18           		CLC
00078E  1               ;		TAY
00078E  1  60           		RTS
00078F  1  A0 7C        READCHU2:	LDY #124
000791  1  20 E4 07     		JSR INCY
000794  1  A9 FF        READCHU1:	LDA #$FF
000796  1  D1 00        		CMP (PTR),Y
000798  1  D0 0A        		BNE READFI1
00079A  1  20 E4 07     		JSR INCY
00079D  1  D1 00        		CMP (PTR),Y
00079F  1  D0 03        		BNE READFI1
0007A1  1  20 E4 07     		JSR INCY
0007A4  1               
0007A4  1  B1 00        READFI1:	LDA (PTR),Y
0007A6  1  8D C5 07     		STA TOADR+1
0007A9  1  20 E4 07     		JSR INCY
0007AC  1  B1 00        		LDA (PTR),Y
0007AE  1  8D C6 07     		STA TOADR+2
0007B1  1  20 E4 07     		JSR INCY
0007B4  1  B1 00        		LDA (PTR),Y
0007B6  1  85 02        		STA PTR1
0007B8  1  20 E4 07     		JSR INCY
0007BB  1  B1 00        		LDA (PTR),Y
0007BD  1  85 03        		STA PTR1+1
0007BF  1  20 E4 07     		JSR INCY
0007C2  1               
0007C2  1  B1 00        READFI4:	LDA (PTR),Y
0007C4  1  8D FF FF     TOADR:		STA $FFFF
0007C7  1  20 E4 07     		JSR INCY
0007CA  1               
0007CA  1  AD C5 07     READFI2:	LDA TOADR+1
0007CD  1  C5 02        		CMP PTR1
0007CF  1  D0 09        		BNE READFI3
0007D1  1  AD C6 07     		LDA TOADR+2
0007D4  1  C5 03        		CMP PTR1+1
0007D6  1  D0 02        		BNE READFI3
0007D8  1  F0 A8        		BEQ READCHU
0007DA  1               
0007DA  1  EE C5 07     READFI3:	INC TOADR+1
0007DD  1  D0 E3        		BNE READFI4
0007DF  1  EE C6 07     		INC TOADR+2
0007E2  1  D0 DE        		BNE READFI4
0007E4  1               ;
0007E4  1               ;
0007E4  1               ;
0007E4  1  C8           INCY:		INY
0007E5  1  C0 7D        		CPY #125
0007E7  1  D0 1D        		BNE INCY9
0007E9  1               
0007E9  1  B1 00        		LDA (PTR),Y
0007EB  1  29 03        		AND #3
0007ED  1  8D 0B 03     		STA DAUX2
0007F0  1  C8           		INY
0007F1  1  B1 00        		LDA (PTR),Y
0007F3  1  8D 0A 03     		STA DAUX1
0007F6  1               
0007F6  1  20 5D 07     INCY1:		JSR GETSEC
0007F9  1  38           		SEC
0007FA  1  A5 04        		LDA PTR2
0007FC  1  E9 01        		SBC #1
0007FE  1  85 04        		STA PTR2
000800  1  B0 02        		BCS INCY8
000802  1  C6 05        		DEC PTR2+1
000804  1  A0 00        INCY8:		LDY #0
000806  1  60           INCY9:		RTS
000807  1               ;
000807  1  44 4F 53 20  FNAME:		.byte "DOS     SYS"
00080B  1  20 20 20 20  
00080F  1  53 59 53     
000812  1               ;
000812  1               		.ORG *+$A100
00A912  1               ;
00A912  1  A2 01        		LDX #1
00A914  1  8E 0A 03     		STX DAUX1
00A917  1  CA           		DEX
00A918  1  8E 0B 03     		STX DAUX2
00A91B  1               
00A91B  1  A9 00        		LDA #<$A800
00A91D  1  8D 04 03     		STA DBUFLO
00A920  1  A9 A8        		LDA #>$A800
00A922  1  8D 05 03     		STA DBUFHI
00A925  1               
00A925  1  20 3E A9     		JSR PUTSEC
00A928  1               
00A928  1  EE 0A 03     		INC DAUX1
00A92B  1  A9 80        		LDA #128
00A92D  1  8D 04 03     		STA DBUFLO
00A930  1               
00A930  1  20 3E A9     		JSR PUTSEC
00A933  1               
00A933  1  EE 0A 03     		INC DAUX1
00A936  1  A9 00        		LDA #0
00A938  1  8D 04 03     		STA DBUFLO
00A93B  1  EE 05 03     		INC DBUFHI
00A93E  1               
00A93E  1               ;		JSR PUTSEC
00A93E  1               ;		RTS
00A93E  1               
00A93E  1  A9 50        PUTSEC:		LDA #'P'
00A940  1  8D 02 03     		STA DCOMND
00A943  1  A9 02        		LDA #2
00A945  1  8D 01 03     		STA DUNIT
00A948  1  20 53 E4     		JSR DSKINV
00A94B  1  30 01        		BMI ERR
00A94D  1  60           		RTS
00A94E  1  00           ERR:		BRK
00A94F  1               
00A94F  1               ;
00A94F  1               
